<?xml version="1.0" encoding="UTF-8"?>
<!-- Generated by org.testng.reporters.JUnitReportReporter -->
<testsuite hostname="NIKITA" failures="0" tests="1" name="tpolab11.test.CheckMatchDetailsTest" time="4.795" errors="0" timestamp="2023-12-01T19:35:39 MSK" skipped="0">
  <testcase classname="tpolab11.test.CheckMatchDetailsTest" name="isTestFound" time="4.795"/>
  <system-out/>
</testsuite> <!-- tpolab11.test.CheckMatchDetailsTest -->
